Performing C SOURCE FILE Test CMAKE_HAVE_LIBC_PTHREAD failed with the following output:
Change Dir: /home/cocoa/GAT/CMakeFiles/CMakeTmp

Run Build Command(s):/usr/bin/make cmTC_43657/fast && /usr/bin/make  -f CMakeFiles/cmTC_43657.dir/build.make CMakeFiles/cmTC_43657.dir/build
make[1]: Entering directory '/home/cocoa/GAT/CMakeFiles/CMakeTmp'
Building C object CMakeFiles/cmTC_43657.dir/src.c.o
/opt/cuda/bin/gcc   -fPIC -DCMAKE_HAVE_LIBC_PTHREAD   -o CMakeFiles/cmTC_43657.dir/src.c.o   -c /home/cocoa/GAT/CMakeFiles/CMakeTmp/src.c
Linking C executable cmTC_43657
/usr/bin/cmake -E cmake_link_script CMakeFiles/cmTC_43657.dir/link.txt --verbose=1
/opt/cuda/bin/gcc -fPIC -DCMAKE_HAVE_LIBC_PTHREAD    CMakeFiles/cmTC_43657.dir/src.c.o  -o cmTC_43657 
/usr/bin/ld: CMakeFiles/cmTC_43657.dir/src.c.o: in function `main':
src.c:(.text+0x3e): undefined reference to `pthread_create'
/usr/bin/ld: src.c:(.text+0x4a): undefined reference to `pthread_detach'
/usr/bin/ld: src.c:(.text+0x56): undefined reference to `pthread_cancel'
/usr/bin/ld: src.c:(.text+0x67): undefined reference to `pthread_join'
collect2: error: ld returned 1 exit status
make[1]: *** [CMakeFiles/cmTC_43657.dir/build.make:107: cmTC_43657] Error 1
make[1]: Leaving directory '/home/cocoa/GAT/CMakeFiles/CMakeTmp'
make: *** [Makefile:141: cmTC_43657/fast] Error 2


Source file was:
#include <pthread.h>

void* test_func(void* data)
{
  return data;
}

int main(void)
{
  pthread_t thread;
  pthread_create(&thread, NULL, test_func, NULL);
  pthread_detach(thread);
  pthread_cancel(thread);
  pthread_join(thread, NULL);
  pthread_atfork(NULL, NULL, NULL);
  pthread_exit(NULL);

  return 0;
}

Determining if the function pthread_create exists in the pthreads failed with the following output:
Change Dir: /home/cocoa/GAT/CMakeFiles/CMakeTmp

Run Build Command(s):/usr/bin/make cmTC_29fe8/fast && /usr/bin/make  -f CMakeFiles/cmTC_29fe8.dir/build.make CMakeFiles/cmTC_29fe8.dir/build
make[1]: Entering directory '/home/cocoa/GAT/CMakeFiles/CMakeTmp'
Building C object CMakeFiles/cmTC_29fe8.dir/CheckFunctionExists.c.o
/opt/cuda/bin/gcc   -fPIC -DCHECK_FUNCTION_EXISTS=pthread_create   -o CMakeFiles/cmTC_29fe8.dir/CheckFunctionExists.c.o   -c /usr/share/cmake-3.17/Modules/CheckFunctionExists.c
Linking C executable cmTC_29fe8
/usr/bin/cmake -E cmake_link_script CMakeFiles/cmTC_29fe8.dir/link.txt --verbose=1
/opt/cuda/bin/gcc -fPIC -DCHECK_FUNCTION_EXISTS=pthread_create    CMakeFiles/cmTC_29fe8.dir/CheckFunctionExists.c.o  -o cmTC_29fe8  -lpthreads 
/usr/bin/ld: cannot find -lpthreads
collect2: error: ld returned 1 exit status
make[1]: *** [CMakeFiles/cmTC_29fe8.dir/build.make:107: cmTC_29fe8] Error 1
make[1]: Leaving directory '/home/cocoa/GAT/CMakeFiles/CMakeTmp'
make: *** [Makefile:141: cmTC_29fe8/fast] Error 2



Performing C SOURCE FILE Test CMAKE_HAVE_LIBC_PTHREAD failed with the following output:
Change Dir: /home/cocoa/GNN/GRU/GAT/CMakeFiles/CMakeTmp

Run Build Command(s):/usr/bin/make cmTC_d717c/fast && /usr/bin/make  -f CMakeFiles/cmTC_d717c.dir/build.make CMakeFiles/cmTC_d717c.dir/build
make[1]: Entering directory '/home/cocoa/GNN/GRU/GAT/CMakeFiles/CMakeTmp'
Building C object CMakeFiles/cmTC_d717c.dir/src.c.o
/opt/cuda/bin/gcc   -fPIC -DCMAKE_HAVE_LIBC_PTHREAD   -o CMakeFiles/cmTC_d717c.dir/src.c.o   -c /home/cocoa/GNN/GRU/GAT/CMakeFiles/CMakeTmp/src.c
Linking C executable cmTC_d717c
/usr/bin/cmake -E cmake_link_script CMakeFiles/cmTC_d717c.dir/link.txt --verbose=1
/opt/cuda/bin/gcc -fPIC -DCMAKE_HAVE_LIBC_PTHREAD    CMakeFiles/cmTC_d717c.dir/src.c.o  -o cmTC_d717c 
/usr/bin/ld: CMakeFiles/cmTC_d717c.dir/src.c.o: in function `main':
src.c:(.text+0x3e): undefined reference to `pthread_create'
/usr/bin/ld: src.c:(.text+0x4a): undefined reference to `pthread_detach'
/usr/bin/ld: src.c:(.text+0x56): undefined reference to `pthread_cancel'
/usr/bin/ld: src.c:(.text+0x67): undefined reference to `pthread_join'
collect2: error: ld returned 1 exit status
make[1]: *** [CMakeFiles/cmTC_d717c.dir/build.make:107: cmTC_d717c] Error 1
make[1]: Leaving directory '/home/cocoa/GNN/GRU/GAT/CMakeFiles/CMakeTmp'
make: *** [Makefile:141: cmTC_d717c/fast] Error 2


Source file was:
#include <pthread.h>

void* test_func(void* data)
{
  return data;
}

int main(void)
{
  pthread_t thread;
  pthread_create(&thread, NULL, test_func, NULL);
  pthread_detach(thread);
  pthread_cancel(thread);
  pthread_join(thread, NULL);
  pthread_atfork(NULL, NULL, NULL);
  pthread_exit(NULL);

  return 0;
}

Determining if the function pthread_create exists in the pthreads failed with the following output:
Change Dir: /home/cocoa/GNN/GRU/GAT/CMakeFiles/CMakeTmp

Run Build Command(s):/usr/bin/make cmTC_7e815/fast && /usr/bin/make  -f CMakeFiles/cmTC_7e815.dir/build.make CMakeFiles/cmTC_7e815.dir/build
make[1]: Entering directory '/home/cocoa/GNN/GRU/GAT/CMakeFiles/CMakeTmp'
Building C object CMakeFiles/cmTC_7e815.dir/CheckFunctionExists.c.o
/opt/cuda/bin/gcc   -fPIC -DCHECK_FUNCTION_EXISTS=pthread_create   -o CMakeFiles/cmTC_7e815.dir/CheckFunctionExists.c.o   -c /usr/share/cmake-3.17/Modules/CheckFunctionExists.c
Linking C executable cmTC_7e815
/usr/bin/cmake -E cmake_link_script CMakeFiles/cmTC_7e815.dir/link.txt --verbose=1
/opt/cuda/bin/gcc -fPIC -DCHECK_FUNCTION_EXISTS=pthread_create    CMakeFiles/cmTC_7e815.dir/CheckFunctionExists.c.o  -o cmTC_7e815  -lpthreads 
/usr/bin/ld: cannot find -lpthreads
collect2: error: ld returned 1 exit status
make[1]: *** [CMakeFiles/cmTC_7e815.dir/build.make:107: cmTC_7e815] Error 1
make[1]: Leaving directory '/home/cocoa/GNN/GRU/GAT/CMakeFiles/CMakeTmp'
make: *** [Makefile:141: cmTC_7e815/fast] Error 2



Performing C SOURCE FILE Test CMAKE_HAVE_LIBC_PTHREAD failed with the following output:
Change Dir: /home/cocoa/GRU-CUDNN-MKLDNN/GAT/CMakeFiles/CMakeTmp

Run Build Command(s):/usr/bin/make cmTC_cda52/fast && /usr/bin/make  -f CMakeFiles/cmTC_cda52.dir/build.make CMakeFiles/cmTC_cda52.dir/build
make[1]: Entering directory '/home/cocoa/GRU-CUDNN-MKLDNN/GAT/CMakeFiles/CMakeTmp'
Building C object CMakeFiles/cmTC_cda52.dir/src.c.o
/opt/cuda/bin/gcc   -fPIC -DCMAKE_HAVE_LIBC_PTHREAD   -o CMakeFiles/cmTC_cda52.dir/src.c.o   -c /home/cocoa/GRU-CUDNN-MKLDNN/GAT/CMakeFiles/CMakeTmp/src.c
Linking C executable cmTC_cda52
/usr/bin/cmake -E cmake_link_script CMakeFiles/cmTC_cda52.dir/link.txt --verbose=1
/opt/cuda/bin/gcc -fPIC -DCMAKE_HAVE_LIBC_PTHREAD    CMakeFiles/cmTC_cda52.dir/src.c.o  -o cmTC_cda52 
/usr/bin/ld: CMakeFiles/cmTC_cda52.dir/src.c.o: in function `main':
src.c:(.text+0x3e): undefined reference to `pthread_create'
/usr/bin/ld: src.c:(.text+0x4a): undefined reference to `pthread_detach'
/usr/bin/ld: src.c:(.text+0x56): undefined reference to `pthread_cancel'
/usr/bin/ld: src.c:(.text+0x67): undefined reference to `pthread_join'
collect2: error: ld returned 1 exit status
make[1]: *** [CMakeFiles/cmTC_cda52.dir/build.make:107: cmTC_cda52] Error 1
make[1]: Leaving directory '/home/cocoa/GRU-CUDNN-MKLDNN/GAT/CMakeFiles/CMakeTmp'
make: *** [Makefile:141: cmTC_cda52/fast] Error 2


Source file was:
#include <pthread.h>

void* test_func(void* data)
{
  return data;
}

int main(void)
{
  pthread_t thread;
  pthread_create(&thread, NULL, test_func, NULL);
  pthread_detach(thread);
  pthread_cancel(thread);
  pthread_join(thread, NULL);
  pthread_atfork(NULL, NULL, NULL);
  pthread_exit(NULL);

  return 0;
}

Determining if the function pthread_create exists in the pthreads failed with the following output:
Change Dir: /home/cocoa/GRU-CUDNN-MKLDNN/GAT/CMakeFiles/CMakeTmp

Run Build Command(s):/usr/bin/make cmTC_c104f/fast && /usr/bin/make  -f CMakeFiles/cmTC_c104f.dir/build.make CMakeFiles/cmTC_c104f.dir/build
make[1]: Entering directory '/home/cocoa/GRU-CUDNN-MKLDNN/GAT/CMakeFiles/CMakeTmp'
Building C object CMakeFiles/cmTC_c104f.dir/CheckFunctionExists.c.o
/opt/cuda/bin/gcc   -fPIC -DCHECK_FUNCTION_EXISTS=pthread_create   -o CMakeFiles/cmTC_c104f.dir/CheckFunctionExists.c.o   -c /usr/share/cmake-3.17/Modules/CheckFunctionExists.c
Linking C executable cmTC_c104f
/usr/bin/cmake -E cmake_link_script CMakeFiles/cmTC_c104f.dir/link.txt --verbose=1
/opt/cuda/bin/gcc -fPIC -DCHECK_FUNCTION_EXISTS=pthread_create    CMakeFiles/cmTC_c104f.dir/CheckFunctionExists.c.o  -o cmTC_c104f  -lpthreads 
/usr/bin/ld: cannot find -lpthreads
collect2: error: ld returned 1 exit status
make[1]: *** [CMakeFiles/cmTC_c104f.dir/build.make:107: cmTC_c104f] Error 1
make[1]: Leaving directory '/home/cocoa/GRU-CUDNN-MKLDNN/GAT/CMakeFiles/CMakeTmp'
make: *** [Makefile:141: cmTC_c104f/fast] Error 2



